[INFO  - 2018-03-05T01:01:50.273Z] GhostDriver - Main - running on port 9829
[INFO  - 2018-03-05T01:01:59.287Z] Session [ce9d6ff0-2010-11e8-9517-49e510419274] - page.settings - {"XSSAuditingEnabled":false,"javascriptCanCloseWindows":true,"javascriptCanOpenWindows":true,"javascriptEnabled":true,"loadImages":true,"localToRemoteUrlAccessEnabled":false,"userAgent":"Mozilla/5.0 (Windows NT 6.2; WOW64) AppleWebKit/538.1 (KHTML, like Gecko) PhantomJS/2.1.1 Safari/538.1","webSecurityEnabled":true}
[INFO  - 2018-03-05T01:01:59.288Z] Session [ce9d6ff0-2010-11e8-9517-49e510419274] - page.customHeaders:  - {}
[INFO  - 2018-03-05T01:01:59.289Z] Session [ce9d6ff0-2010-11e8-9517-49e510419274] - Session.negotiatedCapabilities - {"browserName":"phantomjs","version":"2.1.1","driverName":"ghostdriver","driverVersion":"1.2.0","platform":"windows-10-32bit","javascriptEnabled":true,"takesScreenshot":true,"handlesAlerts":false,"databaseEnabled":false,"locationContextEnabled":false,"applicationCacheEnabled":false,"browserConnectionEnabled":false,"cssSelectorsEnabled":true,"webStorageEnabled":false,"rotatable":false,"acceptSslCerts":false,"nativeEvents":true,"proxy":{"proxyType":"direct"}}
[INFO  - 2018-03-05T01:01:59.290Z] SessionManagerReqHand - _postNewSessionCommand - New Session Created: ce9d6ff0-2010-11e8-9517-49e510419274
[INFO  - 2018-03-05T01:02:02.727Z] ShutdownReqHand - _handle - About to shutdown
[INFO  - 2018-03-05T01:06:23.225Z] GhostDriver - Main - running on port 5108
[INFO  - 2018-03-05T01:06:23.798Z] Session [6c469ce0-2011-11e8-8c14-4bba76c0a0f7] - page.settings - {"XSSAuditingEnabled":false,"javascriptCanCloseWindows":true,"javascriptCanOpenWindows":true,"javascriptEnabled":true,"loadImages":true,"localToRemoteUrlAccessEnabled":false,"userAgent":"Mozilla/5.0 (Windows NT 6.2; WOW64) AppleWebKit/538.1 (KHTML, like Gecko) PhantomJS/2.1.1 Safari/538.1","webSecurityEnabled":true}
[INFO  - 2018-03-05T01:06:23.798Z] Session [6c469ce0-2011-11e8-8c14-4bba76c0a0f7] - page.customHeaders:  - {}
[INFO  - 2018-03-05T01:06:23.799Z] Session [6c469ce0-2011-11e8-8c14-4bba76c0a0f7] - Session.negotiatedCapabilities - {"browserName":"phantomjs","version":"2.1.1","driverName":"ghostdriver","driverVersion":"1.2.0","platform":"windows-10-32bit","javascriptEnabled":true,"takesScreenshot":true,"handlesAlerts":false,"databaseEnabled":false,"locationContextEnabled":false,"applicationCacheEnabled":false,"browserConnectionEnabled":false,"cssSelectorsEnabled":true,"webStorageEnabled":false,"rotatable":false,"acceptSslCerts":false,"nativeEvents":true,"proxy":{"proxyType":"direct"}}
[INFO  - 2018-03-05T01:06:23.799Z] SessionManagerReqHand - _postNewSessionCommand - New Session Created: 6c469ce0-2011-11e8-8c14-4bba76c0a0f7
[INFO  - 2018-03-05T01:06:26.396Z] ShutdownReqHand - _handle - About to shutdown
[INFO  - 2018-03-05T01:08:21.947Z] GhostDriver - Main - running on port 3969
[INFO  - 2018-03-05T01:08:22.538Z] Session [b30cbf10-2011-11e8-8be9-47e32fa035ae] - page.settings - {"XSSAuditingEnabled":false,"javascriptCanCloseWindows":true,"javascriptCanOpenWindows":true,"javascriptEnabled":true,"loadImages":true,"localToRemoteUrlAccessEnabled":false,"userAgent":"Mozilla/5.0 (Windows NT 6.2; WOW64) AppleWebKit/538.1 (KHTML, like Gecko) PhantomJS/2.1.1 Safari/538.1","webSecurityEnabled":true}
[INFO  - 2018-03-05T01:08:22.538Z] Session [b30cbf10-2011-11e8-8be9-47e32fa035ae] - page.customHeaders:  - {}
[INFO  - 2018-03-05T01:08:22.538Z] Session [b30cbf10-2011-11e8-8be9-47e32fa035ae] - Session.negotiatedCapabilities - {"browserName":"phantomjs","version":"2.1.1","driverName":"ghostdriver","driverVersion":"1.2.0","platform":"windows-10-32bit","javascriptEnabled":true,"takesScreenshot":true,"handlesAlerts":false,"databaseEnabled":false,"locationContextEnabled":false,"applicationCacheEnabled":false,"browserConnectionEnabled":false,"cssSelectorsEnabled":true,"webStorageEnabled":false,"rotatable":false,"acceptSslCerts":false,"nativeEvents":true,"proxy":{"proxyType":"direct"}}
[INFO  - 2018-03-05T01:08:22.539Z] SessionManagerReqHand - _postNewSessionCommand - New Session Created: b30cbf10-2011-11e8-8be9-47e32fa035ae
[INFO  - 2018-03-05T01:08:25.063Z] ShutdownReqHand - _handle - About to shutdown
[INFO  - 2018-03-05T01:08:51.330Z] GhostDriver - Main - running on port 31832
[INFO  - 2018-03-05T01:08:51.916Z] Session [c48fa040-2011-11e8-943d-3313fe2ffa84] - page.settings - {"XSSAuditingEnabled":false,"javascriptCanCloseWindows":true,"javascriptCanOpenWindows":true,"javascriptEnabled":true,"loadImages":true,"localToRemoteUrlAccessEnabled":false,"userAgent":"Mozilla/5.0 (Windows NT 6.2; WOW64) AppleWebKit/538.1 (KHTML, like Gecko) PhantomJS/2.1.1 Safari/538.1","webSecurityEnabled":true}
[INFO  - 2018-03-05T01:08:51.916Z] Session [c48fa040-2011-11e8-943d-3313fe2ffa84] - page.customHeaders:  - {}
[INFO  - 2018-03-05T01:08:51.917Z] Session [c48fa040-2011-11e8-943d-3313fe2ffa84] - Session.negotiatedCapabilities - {"browserName":"phantomjs","version":"2.1.1","driverName":"ghostdriver","driverVersion":"1.2.0","platform":"windows-10-32bit","javascriptEnabled":true,"takesScreenshot":true,"handlesAlerts":false,"databaseEnabled":false,"locationContextEnabled":false,"applicationCacheEnabled":false,"browserConnectionEnabled":false,"cssSelectorsEnabled":true,"webStorageEnabled":false,"rotatable":false,"acceptSslCerts":false,"nativeEvents":true,"proxy":{"proxyType":"direct"}}
[INFO  - 2018-03-05T01:08:51.917Z] SessionManagerReqHand - _postNewSessionCommand - New Session Created: c48fa040-2011-11e8-943d-3313fe2ffa84
[INFO  - 2018-03-05T01:08:54.153Z] ShutdownReqHand - _handle - About to shutdown
